<?xml version="1.0" encoding="UTF-8"?>
<!-- Generated by org.testng.reporters.JUnitReportReporter -->
<testsuite hostname="PE-HO-275" failures="0" tests="1" name="com.demoautomatizacion.test.AnularTituloTest" time="10.285" errors="0" timestamp="2022-11-24T12:47:04 COT" skipped="0">
  <testcase classname="com.demoautomatizacion.test.AnularTituloTest" name="crearExpedir" time="10.285"/>
  <system-out/>
</testsuite> <!-- com.demoautomatizacion.test.AnularTituloTest -->
