<?xml version="1.0" encoding="UTF-8"?>
<!-- Generated by org.testng.reporters.JUnitReportReporter -->
<testsuite hostname="PE-HO-275" failures="0" tests="1" name="com.demoautomatizacion.test.LoginTest" time="50.032" errors="0" timestamp="2022-12-06T10:30:40 COT" skipped="0">
  <testcase classname="com.demoautomatizacion.test.LoginTest" name="ingresarPortalAlmaviva" time="50.032"/>
  <system-out/>
</testsuite> <!-- com.demoautomatizacion.test.LoginTest -->
